TN:
SF:src\App.tsx
FN:10,App
FNF:1
FNH:1
FNDA:5,App
DA:1,1
DA:2,1
DA:3,1
DA:4,1
DA:5,1
DA:6,1
DA:7,1
DA:8,1
DA:10,1
DA:11,5
DA:12,5
DA:13,5
DA:15,5
DA:16,5
DA:17,5
DA:18,5
DA:19,5
DA:20,5
DA:21,5
DA:22,5
DA:23,5
DA:25,5
DA:26,5
DA:28,5
DA:29,5
DA:30,5
DA:31,5
DA:32,5
DA:33,5
DA:34,5
DA:35,5
DA:36,5
DA:38,5
DA:40,1
LF:34
LH:34
BRDA:10,0,0,5
BRF:1
BRH:1
end_of_record
TN:
SF:src\components\Header.tsx
FN:6,Header
FN:11,isActive
FN:15,toggleMobileMenu
FN:19,changeLanguage
FN:95,onClick
FN:105,onClick
FN:159,onClick
FN:169,onClick
FN:184,onClick
FN:195,onClick
FN:204,onClick
FN:215,onClick
FNF:12
FNH:3
FNDA:15,Header
FNDA:48,isActive
FNDA:1,toggleMobileMenu
FNDA:0,changeLanguage
FNDA:0,onClick
FNDA:0,onClick
FNDA:0,onClick
FNDA:0,onClick
FNDA:0,onClick
FNDA:0,onClick
FNDA:0,onClick
FNDA:0,onClick
DA:1,1
DA:2,1
DA:3,1
DA:4,1
DA:6,1
DA:7,15
DA:8,15
DA:9,15
DA:11,15
DA:12,48
DA:13,48
DA:15,15
DA:16,1
DA:17,1
DA:19,15
DA:20,0
DA:21,0
DA:23,15
DA:24,15
DA:25,15
DA:26,15
DA:28,15
DA:29,15
DA:30,15
DA:31,15
DA:32,15
DA:33,15
DA:34,15
DA:35,15
DA:36,15
DA:39,15
DA:40,15
DA:41,15
DA:42,15
DA:43,15
DA:44,15
DA:45,15
DA:46,0
DA:47,15
DA:49,15
DA:50,15
DA:51,15
DA:52,15
DA:53,15
DA:54,15
DA:55,0
DA:56,15
DA:57,15
DA:59,15
DA:60,15
DA:61,15
DA:62,15
DA:63,15
DA:64,15
DA:65,15
DA:67,15
DA:68,15
DA:69,15
DA:70,15
DA:71,15
DA:72,15
DA:73,0
DA:74,15
DA:75,15
DA:77,15
DA:78,15
DA:79,15
DA:80,15
DA:83,15
DA:85,15
DA:86,15
DA:87,15
DA:88,15
DA:89,15
DA:90,15
DA:91,15
DA:92,15
DA:93,0
DA:94,15
DA:95,15
DA:96,15
DA:98,15
DA:99,15
DA:100,15
DA:101,15
DA:102,0
DA:103,15
DA:104,15
DA:105,15
DA:106,15
DA:108,15
DA:109,15
DA:112,15
DA:113,15
DA:114,15
DA:115,15
DA:117,15
DA:118,15
DA:119,15
DA:120,15
DA:121,15
DA:123,15
DA:124,1
DA:125,1
DA:126,1
DA:127,1
DA:128,1
DA:129,1
DA:131,14
DA:132,14
DA:133,14
DA:134,14
DA:135,14
DA:136,14
DA:138,15
DA:139,15
DA:140,15
DA:141,15
DA:144,15
DA:145,1
DA:147,1
DA:148,1
DA:149,1
DA:150,1
DA:151,1
DA:152,1
DA:153,1
DA:154,1
DA:155,1
DA:156,1
DA:157,0
DA:158,1
DA:159,1
DA:160,1
DA:162,1
DA:163,1
DA:164,1
DA:165,1
DA:166,0
DA:167,1
DA:168,1
DA:169,1
DA:170,1
DA:172,1
DA:173,1
DA:174,1
DA:175,1
DA:176,1
DA:177,1
DA:178,1
DA:179,1
DA:180,1
DA:181,1
DA:182,0
DA:183,1
DA:184,1
DA:186,1
DA:187,1
DA:188,1
DA:189,1
DA:190,1
DA:191,1
DA:192,0
DA:193,1
DA:194,1
DA:195,1
DA:197,1
DA:198,1
DA:199,1
DA:200,1
DA:201,1
DA:202,1
DA:203,1
DA:204,1
DA:206,1
DA:207,1
DA:208,1
DA:209,1
DA:210,1
DA:211,1
DA:212,0
DA:213,1
DA:214,1
DA:215,1
DA:217,1
DA:218,1
DA:219,1
DA:220,1
DA:222,15
DA:223,15
DA:225,15
DA:227,1
LF:192
LH:180
BRDA:6,0,0,15
BRDA:45,1,0,0
BRDA:54,2,0,0
BRDA:72,3,0,0
BRDA:92,4,0,0
BRDA:101,5,0,0
BRDA:123,6,0,1
BRDA:129,7,0,14
BRDA:144,8,0,1
BRDA:156,9,0,0
BRDA:165,10,0,0
BRDA:181,11,0,0
BRDA:191,12,0,0
BRDA:211,13,0,0
BRDA:11,14,0,48
BRDA:15,15,0,1
BRF:16
BRH:6
end_of_record
TN:
SF:src\components\LanguageSelector.tsx
FN:4,LanguageSelector
FN:7,changeLanguage
FN:22,onClick
FN:32,onClick
FNF:4
FNH:1
FNDA:8,LanguageSelector
FNDA:0,changeLanguage
FNDA:0,onClick
FNDA:0,onClick
DA:1,1
DA:2,1
DA:4,1
DA:5,8
DA:7,8
DA:8,0
DA:9,0
DA:11,8
DA:12,8
DA:13,8
DA:14,8
DA:15,8
DA:16,8
DA:17,8
DA:18,8
DA:19,8
DA:20,0
DA:21,8
DA:22,8
DA:23,8
DA:25,8
DA:26,8
DA:27,8
DA:28,8
DA:29,0
DA:30,8
DA:31,8
DA:32,8
DA:33,8
DA:35,8
DA:36,8
DA:38,8
DA:40,1
LF:33
LH:29
BRDA:4,0,0,8
BRDA:19,1,0,0
BRDA:28,2,0,0
BRF:3
BRH:1
end_of_record
TN:
SF:src\components\RuleList.tsx
FN:8,RuleList
FNF:1
FNH:1
FNDA:4,RuleList
DA:1,1
DA:2,1
DA:8,1
DA:9,4
DA:11,4
DA:12,4
DA:13,4
DA:15,4
DA:16,4
DA:17,4
DA:18,12
DA:19,12
DA:20,12
DA:22,12
DA:24,12
DA:25,12
DA:26,12
DA:27,12
DA:28,12
DA:29,4
DA:30,4
DA:32,4
DA:34,1
LF:23
LH:23
BRDA:8,0,0,4
BRDA:17,1,0,12
BRF:2
BRH:2
end_of_record
TN:
SF:src\components\RuleSection.tsx
FN:10,RuleSection
FN:18,toggleExpanded
FNF:2
FNH:2
FNDA:8,RuleSection
FNDA:2,toggleExpanded
DA:1,1
DA:2,1
DA:10,1
DA:11,8
DA:12,8
DA:13,8
DA:14,8
DA:15,8
DA:16,8
DA:18,8
DA:19,2
DA:20,2
DA:22,8
DA:23,8
DA:24,8
DA:25,8
DA:26,8
DA:28,8
DA:29,8
DA:30,8
DA:31,8
DA:32,8
DA:33,8
DA:34,8
DA:35,8
DA:36,8
DA:37,8
DA:38,8
DA:39,8
DA:41,8
DA:42,8
DA:44,8
DA:45,3
DA:46,3
DA:47,3
DA:49,8
DA:51,8
DA:53,1
LF:38
LH:38
BRDA:10,0,0,8
BRDA:37,1,0,3
BRDA:37,2,0,5
BRDA:44,3,0,3
BRDA:18,4,0,2
BRF:5
BRH:5
end_of_record
TN:
SF:src\i18n\index.ts
FNF:0
FNH:0
DA:1,1
DA:2,1
DA:4,1
DA:5,1
DA:7,1
DA:8,1
DA:9,1
DA:10,1
DA:11,1
DA:12,1
DA:13,1
DA:14,1
DA:16,1
DA:17,1
DA:18,1
DA:19,1
DA:20,1
DA:21,1
DA:22,1
DA:23,1
DA:25,1
LF:21
LH:21
BRF:0
BRH:0
end_of_record
TN:
SF:src\pages\Home.tsx
FN:4,Home
FNF:1
FNH:1
FNDA:6,Home
DA:1,1
DA:2,1
DA:4,1
DA:5,6
DA:7,6
DA:8,6
DA:9,6
DA:10,6
DA:11,6
DA:12,6
DA:13,6
DA:14,6
DA:15,6
DA:16,6
DA:19,6
DA:20,6
DA:21,6
DA:22,6
DA:23,6
DA:24,6
DA:25,6
DA:26,6
DA:27,6
DA:29,6
DA:30,6
DA:31,6
DA:32,6
DA:33,6
DA:34,6
DA:35,6
DA:36,6
DA:38,6
DA:39,6
DA:40,6
DA:41,6
DA:42,6
DA:43,6
DA:44,6
DA:45,6
DA:46,6
DA:47,6
DA:48,6
DA:49,6
DA:51,6
DA:53,1
LF:45
LH:45
BRDA:4,0,0,6
BRF:1
BRH:1
end_of_record
TN:
SF:src\pages\Rules.tsx
FN:6,Rules
FNF:1
FNH:1
FNDA:6,Rules
DA:1,1
DA:2,1
DA:3,1
DA:4,1
DA:6,1
DA:7,6
DA:9,6
DA:10,6
DA:11,6
DA:12,6
DA:13,6
DA:14,6
DA:15,6
DA:16,6
DA:17,6
DA:18,6
DA:20,6
DA:21,6
DA:22,6
DA:24,6
DA:25,6
DA:26,6
DA:28,6
DA:29,6
DA:30,6
DA:32,6
DA:33,6
DA:34,6
DA:36,6
DA:37,6
DA:38,6
DA:40,6
DA:41,6
DA:42,6
DA:44,6
DA:45,6
DA:46,6
DA:47,6
DA:48,6
DA:49,6
DA:51,6
DA:53,1
LF:42
LH:42
BRDA:6,0,0,6
BRF:1
BRH:1
end_of_record
TN:
SF:src\pages\Sanctions.tsx
FN:4,Sanctions
FNF:1
FNH:1
FNDA:11,Sanctions
DA:1,1
DA:2,1
DA:4,1
DA:5,11
DA:7,11
DA:8,11
DA:9,11
DA:10,11
DA:11,11
DA:12,11
DA:14,11
DA:15,11
DA:16,11
DA:17,11
DA:18,11
DA:19,11
DA:20,11
DA:21,11
DA:22,11
DA:24,11
DA:25,11
DA:26,11
DA:27,11
DA:28,11
DA:29,11
DA:30,11
DA:31,11
DA:32,11
DA:33,11
DA:34,11
DA:35,11
DA:37,11
DA:38,11
DA:39,11
DA:41,11
DA:42,11
DA:43,11
DA:44,11
DA:45,11
DA:46,11
DA:47,11
DA:48,11
DA:49,11
DA:50,11
DA:51,11
DA:52,11
DA:53,11
DA:54,11
DA:55,11
DA:56,11
DA:57,11
DA:58,11
DA:59,11
DA:60,11
DA:61,11
DA:62,11
DA:63,11
DA:64,11
DA:65,11
DA:66,11
DA:67,11
DA:68,11
DA:69,11
DA:70,11
DA:71,11
DA:72,11
DA:73,11
DA:74,11
DA:75,11
DA:77,11
DA:79,1
LF:71
LH:71
BRDA:4,0,0,11
BRF:1
BRH:1
end_of_record
TN:
SF:src\pages\Support.tsx
FN:8,Support
FNF:1
FNH:1
FNDA:8,Support
DA:1,1
DA:2,1
DA:3,1
DA:4,1
DA:5,1
DA:6,1
DA:8,1
DA:9,8
DA:11,8
DA:12,8
DA:13,8
DA:14,8
DA:15,8
DA:16,8
DA:17,8
DA:18,8
DA:19,8
DA:20,8
DA:21,8
DA:22,8
DA:23,8
DA:24,8
DA:25,8
DA:26,8
DA:27,8
DA:28,8
DA:29,8
DA:30,8
DA:31,8
DA:32,8
DA:33,8
DA:34,8
DA:35,8
DA:36,8
DA:37,8
DA:38,8
DA:39,8
DA:40,8
DA:42,8
DA:43,8
DA:44,8
DA:45,8
DA:46,8
DA:47,8
DA:49,8
DA:50,8
DA:51,8
DA:52,8
DA:53,8
DA:55,8
DA:56,8
DA:57,32
DA:58,32
DA:59,32
DA:60,32
DA:61,32
DA:62,32
DA:64,32
DA:65,32
DA:66,32
DA:67,32
DA:68,32
DA:69,32
DA:70,32
DA:71,32
DA:73,0
DA:75,32
DA:76,32
DA:77,32
DA:78,32
DA:79,32
DA:80,32
DA:81,32
DA:82,32
DA:83,32
DA:84,8
DA:85,8
DA:87,8
DA:88,8
DA:89,8
DA:90,8
DA:91,8
DA:92,8
DA:93,8
DA:94,8
DA:95,8
DA:96,8
DA:97,8
DA:98,8
DA:100,8
DA:102,1
LF:91
LH:90
BRDA:8,0,0,8
BRDA:56,1,0,32
BRDA:71,2,0,0
BRF:3
BRH:2
end_of_record
